0 info it worked if it ends with ok
1 verbose cli [ '/Users/cc/.nvm/versions/io.js/v1.4.3/bin/iojs',
1 verbose cli   '/Users/cc/.nvm/versions/io.js/v1.4.3/bin/npm',
1 verbose cli   'run',
1 verbose cli   'start' ]
2 info using npm@2.6.1
3 info using node@v1.4.3
4 verbose run-script [ 'prestart', 'start', 'poststart' ]
5 info prestart pb-box@0.0.1
6 info start pb-box@0.0.1
7 verbose unsafe-perm in lifecycle true
8 info pb-box@0.0.1 Failed to exec start script
9 verbose stack Error: pb-box@0.0.1 start: `node server.js`
9 verbose stack Exit status 1
9 verbose stack     at EventEmitter.<anonymous> (/Users/cc/.nvm/versions/io.js/v1.4.3/lib/node_modules/npm/lib/utils/lifecycle.js:213:16)
9 verbose stack     at emitTwo (events.js:87:13)
9 verbose stack     at EventEmitter.emit (events.js:169:7)
9 verbose stack     at ChildProcess.<anonymous> (/Users/cc/.nvm/versions/io.js/v1.4.3/lib/node_modules/npm/lib/utils/spawn.js:14:12)
9 verbose stack     at emitTwo (events.js:87:13)
9 verbose stack     at ChildProcess.emit (events.js:169:7)
9 verbose stack     at maybeClose (child_process.js:984:16)
9 verbose stack     at Process.ChildProcess._handle.onexit (child_process.js:1057:5)
10 verbose pkgid pb-box@0.0.1
11 verbose cwd /Users/cc/Development/code/pb-box
12 error Darwin 14.0.0
13 error argv "/Users/cc/.nvm/versions/io.js/v1.4.3/bin/iojs" "/Users/cc/.nvm/versions/io.js/v1.4.3/bin/npm" "run" "start"
14 error node v1.4.3
15 error npm  v2.6.1
16 error code ELIFECYCLE
17 error pb-box@0.0.1 start: `node server.js`
17 error Exit status 1
18 error Failed at the pb-box@0.0.1 start script 'node server.js'.
18 error This is most likely a problem with the pb-box package,
18 error not with npm itself.
18 error Tell the author that this fails on your system:
18 error     node server.js
18 error You can get their info via:
18 error     npm owner ls pb-box
18 error There is likely additional logging output above.
19 verbose exit [ 1, true ]
